<?xml version="1.0" encoding="UTF-8"?>
<!-- Generated by org.testng.reporters.JUnitReportReporter -->
<testsuite hostname="DESKTOP-CB084DC" name="com.savaari.Utilities.BrowserSelection" tests="1" failures="0" timestamp="22 Jul 2017 04:41:30 GMT" time="5.818" errors="0">
  <testcase name="browserselection" time="5.818" classname="com.savaari.Utilities.BrowserSelection"/>
</testsuite> <!-- com.savaari.Utilities.BrowserSelection -->
